[2012-09-28 19-09-20][ServiceFactory::serve] URL recieved: /UserService/getNearbyUsers/1
[2012-09-28 20-09-28][ServiceFactory][serve] URL recieved: /UserService/getNearbyUsers/1
[2012-09-28 20-09-40][ServiceFactory][serve] URL recieved: /UserService/getNearbyUsers/1
[2012-09-28 20-09-35][ServiceFactory][serve] URL recieved: /UserService/getNearbyUsers/1
[2012-09-28 20-09-12][ServiceFactory][serve] URL recieved: /UserService/getNearbyUsers/1
[2012-09-28 23-09-16][ServiceFactory][serve] URL recieved: /UserService/getNearbyUsers/1
[2012-09-28 23-09-03][ServiceFactory][serve] URL recieved: /UserService/getNearbyUsers/1
[2012-09-28 23-09-35][ServiceFactory][serve] URL recieved: /UserService/getNearbyUsers/1
[2012-09-29 12-09-49][ServiceFactory][serve] URL recieved: /UserService/getNearbyUsers/1
[2012-09-29 12-09-49][ServiceFactory][serve] URL recieved: /favicon.ico
[2012-09-29 20-09-40][ServiceFactory][serve] URL recieved: /UserService/getNearbyUsers/1
[2012-09-29 20-09-22][ServiceFactory][serve] URL recieved: /UserService/getNearbyUsers/1
[2012-09-29 20-09-29][ServiceFactory][serve] URL recieved: /UserService/getNearbyUsers/1
[2012-09-29 20-09-48][ServiceFactory][serve] URL recieved: /UserService/getNearbyUsers/1
[2012-09-29 20-09-32][ServiceFactory][serve] URL recieved: /UserService/getNearbyUsers/1
[2012-09-29 20-09-54][ServiceFactory][serve] URL recieved: /UserService/getNearbyUsers/1
[2012-09-29 20-09-08][ServiceFactory][serve] URL recieved: /UserService/getNearbyUsers/5
[2012-09-29 20-09-14][ServiceFactory][serve] URL recieved: /UserService/getNearbyUsers/1
[2012-09-29 20-09-05][ServiceFactory][serve] URL recieved: /UserService/getNearbyUsers/1
[2012-09-29 20-09-27][ServiceFactory][serve] URL recieved: /UserService/getNearbyUsers?user_id=1
[2012-09-29 20-09-53][ServiceFactory][serve] URL recieved: /UserService/getNearbyUsers?user_id=1
[2012-09-29 21-09-13][ServiceFactory][serve] URL recieved: /UserService/getNearbyUsers?user_id=1
[2012-09-29 21-09-31][ServiceFactory][serve] URL recieved: /UserService/getNearbyUsers/?user_id=1
[2012-09-29 21-09-18][ServiceFactory][serve] URL recieved: /UserService/getNearbyUsers/?user_id=1
[2012-09-29 21-09-41][ServiceFactory][serve] URL recieved: /UserService/getNearbyUsers/?user_id=1
[2012-09-29 21-09-14][ServiceFactory][serve] URL recieved: /UserService/getNearbyU/?user_id=1
[2012-09-29 21-09-26][ServiceFactory][serve] URL recieved: /Usce/getNearbyUsers/?user_id=1
[2012-09-29 21-09-31][ServiceFactory][serve] URL recieved: /Usce/getNearbyUsers/?user_id=1
[2012-09-29 21-09-41][ServiceFactory][serve] URL recieved: /UserService/getNearbyUsers/?user_id=1
[2012-09-29 21-09-11][ServiceFactory][serve] URL recieved: /UserService/getNearbyUsers/?user_id=1
[2012-09-30 00-09-59][ServiceFactory][serve] URL recieved: /UserService/getNearbyUsers/1
[2012-09-30 00-09-09][ServiceFactory][serve] URL recieved: /UserService/getNearbyUsers/?user_id=1
[2012-09-30 17-09-29][ServiceFactory][serve] URL recieved: /UserService/getNearbyUsers/?user_id=1
[2012-09-30 17-09-41][ServiceFactory][serve] URL recieved: /UserService/getNearbyUsers/?user_id=1
[2012-09-30 18-09-26][ServiceFactory][serve] URL recieved: /UserService/getNearbyUsers/?user_id=1
[2012-09-30 18-09-39][ServiceFactory][serve] URL recieved: /UserService/getNearbyUsers/?user_id=1
[2012-09-30 18-09-39][dbclass][execute] select r1.user_id, u.first_name, u.last_name from request as r1, request as r2, user as u where r1.src_lattitude<r2.src_lattitude+1 and r1.src_lattitude>r2.src_lattitude-1 and r1.src_longitude<r2.src_longitude+1 and r1.src_longitude>r2.src_longitude-1 and r1.dst_lattitude<r2.dst_lattitude+1 and r1.dst_lattitude>r2.dst_lattitude-1 and r1.dst_longitude<r2.dst_longitude+1 and r1.dst_longitude>r2.dst_longitude-1 and r1.user_id!=1 and r2.user_id=1 and r1.user_id=u.id
[2012-09-30 18-09-30][ServiceFactory][serve] URL recieved: /UserService/addUser/?first_name=%22jason%22&last_name=%22bourne%22&username=%22bourne%22
[2012-09-30 18-09-30][dbclass][execute] INSERT INTO user (first_name, last_name, username) VALUES (""jason"", ""bourne"", ""bourne"")
[2012-09-30 18-09-57][ServiceFactory][serve] URL recieved: /UserService/addUser/?first_name=jason&last_name=bourne&username=bourne
[2012-09-30 18-09-57][dbclass][execute] INSERT INTO user (first_name, last_name, username) VALUES ("jason", "bourne", "bourne")
[2012-09-30 18-09-23][ServiceFactory][serve] URL recieved: /UserService/addUser/?first_name=jason&last_name=bourne&username=bourne
[2012-09-30 18-09-23][dbclass][execute] INSERT INTO user (first_name, last_name, username) VALUES ("jason", "bourne", "bourne")
[2012-09-30 18-09-50][ServiceFactory][serve] URL recieved: /UserService/addUser/?first_name=jason&last_name=bourne&username=bourne
[2012-09-30 18-09-50][dbclass][execute] INSERT INTO user (first_name, last_name, username) VALUES ("jason", "bourne", "bourne")
[2012-09-30 18-09-29][ServiceFactory][serve] URL recieved: /UserService/addUser/?first_name=jason&last_name=bourne&username=bourne
[2012-09-30 18-09-29][dbclass][execute] INSERT INTO user (first_name, last_name, username) VALUES ("jason", "bourne", "bourne")
[2012-09-30 19-09-14][ServiceFactory][serve] URL recieved: /UserService/addUser/?user_id=9&src_lattitude=55&src_longitude=55
[2012-09-30 19-09-35][ServiceFactory][serve] URL recieved: /RequestService/addRequest/?user_id=9&src_lattitude=55&src_longitude=55
[2012-09-30 19-09-35][dbclass][execute] INSERT INTO request (user_id, src_lattitude, src_longitude) VALUES ("9", "55", "55")
[2012-09-30 19-09-57][ServiceFactory][serve] URL recieved: /UserService/getNearbyUsers/?user_id=1
[2012-09-30 19-09-57][dbclass][execute] select r1.user_id, u.first_name, u.last_name from request as r1, request as r2, user as u where r1.src_lattitude<r2.src_lattitude+1 and r1.src_lattitude>r2.src_lattitude-1 and r1.src_longitude<r2.src_longitude+1 and r1.src_longitude>r2.src_longitude-1 and r1.dst_lattitude<r2.dst_lattitude+1 and r1.dst_lattitude>r2.dst_lattitude-1 and r1.dst_longitude<r2.dst_longitude+1 and r1.dst_longitude>r2.dst_longitude-1 and r1.user_id!=1 and r2.user_id=1 and r1.user_id=u.id
[2012-09-30 19-09-57][ServiceFactory][serve] URL recieved: /favicon.ico
[2012-09-30 22-09-14][ServiceFactory][serve] URL recieved: /UserService/getNearbyUsers/?user_id=1
[2012-09-30 22-09-14][dbclass][execute] select r1.user_id, u.first_name, u.last_name from request as r1, request as r2, user as u where r1.src_lattitude<r2.src_lattitude+1 and r1.src_lattitude>r2.src_lattitude-1 and r1.src_longitude<r2.src_longitude+1 and r1.src_longitude>r2.src_longitude-1 and r1.dst_lattitude<r2.dst_lattitude+1 and r1.dst_lattitude>r2.dst_lattitude-1 and r1.dst_longitude<r2.dst_longitude+1 and r1.dst_longitude>r2.dst_longitude-1 and r1.user_id!=1 and r2.user_id=1 and r1.user_id=u.id
[2012-09-30 22-09-26][ServiceFactory][serve] URL recieved: /UserService/addUser/?first_name=jason&last_name=bourne&username=bourne
[2012-09-30 22-09-26][dbclass][execute] INSERT INTO user (first_name, last_name, username) VALUES ("jason", "bourne", "bourne")
[2012-09-30 22-09-46][ServiceFactory][serve] URL recieved: /UserService/addUser/?first_name=jason&last_name=bourne&username=bourn
[2012-09-30 22-09-46][dbclass][execute] INSERT INTO user (first_name, last_name, username) VALUES ("jason", "bourne", "bourn")
[2012-09-30 22-09-05][ServiceFactory][serve] URL recieved: /UserService/addUserj/?first_name=jason&last_name=bourne&username=bourn
[2012-10-01 00-10-29][ServiceFactory][serve] URL recieved: /UserService/addUserj/?first_name=jason&last_name=bourne&username=bourn
